[0.475s] DEBUG:colcon:Command line arguments: ['/usr/bin/colcon', 'list', '-p', '--base-paths', '/home/hossein/dingo_ws/src/dingo_simulator/dingo_gazebo/launch']
[0.476s] DEBUG:colcon:Parsed command line arguments: Namespace(base_paths=['/home/hossein/dingo_ws/src/dingo_simulator/dingo_gazebo/launch'], build_base='build', ignore_user_meta=False, log_base=None, log_level=None, main=<bound method ListVerb.main of <colcon_package_information.verb.list.ListVerb object at 0x7f2674415dc0>>, metas=['./colcon.meta'], names_only=False, packages_above=None, packages_above_and_dependencies=None, packages_above_depth=None, packages_end=None, packages_ignore=None, packages_ignore_regex=None, packages_select=None, packages_select_build_failed=False, packages_select_by_dep=None, packages_select_regex=None, packages_select_test_failures=False, packages_skip=None, packages_skip_build_finished=False, packages_skip_by_dep=None, packages_skip_regex=None, packages_skip_test_passed=False, packages_skip_up_to=None, packages_start=None, packages_up_to=None, packages_up_to_regex=None, paths=None, paths_only=True, topological_graph=False, topological_graph_density=False, topological_graph_dot=False, topological_graph_dot_cluster=False, topological_graph_dot_include_skipped=False, topological_graph_legend=False, topological_order=False, verb_extension=<colcon_package_information.verb.list.ListVerb object at 0x7f2674415dc0>, verb_name='list', verb_parser=<colcon_defaults.argument_parser.defaults.DefaultArgumentsDecorator object at 0x7f26742c34f0>)
[0.509s] Level 1:colcon.colcon_core.package_discovery:discover_packages(colcon_meta) check parameters
[0.509s] Level 1:colcon.colcon_core.package_discovery:discover_packages(recursive) check parameters
[0.510s] Level 1:colcon.colcon_core.package_discovery:discover_packages(ignore) check parameters
[0.510s] Level 1:colcon.colcon_core.package_discovery:discover_packages(path) check parameters
[0.510s] Level 1:colcon.colcon_core.package_discovery:discover_packages(recursive) discover
[0.510s] INFO:colcon.colcon_core.package_discovery:Crawling recursively for packages in '/home/hossein/dingo_ws/src/dingo_simulator/dingo_gazebo/launch'
[0.510s] Level 1:colcon.colcon_core.package_identification:_identify(/home/hossein/dingo_ws/src/dingo_simulator/dingo_gazebo/launch) by extensions ['ignore', 'ignore_ament_install']
[0.510s] Level 1:colcon.colcon_core.package_identification:_identify(/home/hossein/dingo_ws/src/dingo_simulator/dingo_gazebo/launch) by extension 'ignore'
[0.510s] Level 1:colcon.colcon_core.package_identification:_identify(/home/hossein/dingo_ws/src/dingo_simulator/dingo_gazebo/launch) by extension 'ignore_ament_install'
[0.510s] Level 1:colcon.colcon_core.package_identification:_identify(/home/hossein/dingo_ws/src/dingo_simulator/dingo_gazebo/launch) by extensions ['colcon_pkg']
[0.510s] Level 1:colcon.colcon_core.package_identification:_identify(/home/hossein/dingo_ws/src/dingo_simulator/dingo_gazebo/launch) by extension 'colcon_pkg'
[0.510s] Level 1:colcon.colcon_core.package_identification:_identify(/home/hossein/dingo_ws/src/dingo_simulator/dingo_gazebo/launch) by extensions ['colcon_meta']
[0.510s] Level 1:colcon.colcon_core.package_identification:_identify(/home/hossein/dingo_ws/src/dingo_simulator/dingo_gazebo/launch) by extension 'colcon_meta'
[0.510s] Level 1:colcon.colcon_core.package_identification:_identify(/home/hossein/dingo_ws/src/dingo_simulator/dingo_gazebo/launch) by extensions ['ros']
[0.510s] Level 1:colcon.colcon_core.package_identification:_identify(/home/hossein/dingo_ws/src/dingo_simulator/dingo_gazebo/launch) by extension 'ros'
[0.519s] Level 1:colcon.colcon_core.package_identification:_identify(/home/hossein/dingo_ws/src/dingo_simulator/dingo_gazebo/launch) by extensions ['cmake', 'python']
[0.519s] Level 1:colcon.colcon_core.package_identification:_identify(/home/hossein/dingo_ws/src/dingo_simulator/dingo_gazebo/launch) by extension 'cmake'
[0.519s] Level 1:colcon.colcon_core.package_identification:_identify(/home/hossein/dingo_ws/src/dingo_simulator/dingo_gazebo/launch) by extension 'python'
[0.519s] Level 1:colcon.colcon_core.package_identification:_identify(/home/hossein/dingo_ws/src/dingo_simulator/dingo_gazebo/launch) by extensions ['python_setup_py']
[0.519s] Level 1:colcon.colcon_core.package_identification:_identify(/home/hossein/dingo_ws/src/dingo_simulator/dingo_gazebo/launch) by extension 'python_setup_py'
[0.519s] Level 1:colcon.colcon_core.package_identification:_identify(/home/hossein/dingo_ws/src/dingo_simulator/dingo_gazebo/launch/__pycache__) by extensions ['ignore', 'ignore_ament_install']
[0.519s] Level 1:colcon.colcon_core.package_identification:_identify(/home/hossein/dingo_ws/src/dingo_simulator/dingo_gazebo/launch/__pycache__) by extension 'ignore'
[0.519s] Level 1:colcon.colcon_core.package_identification:_identify(/home/hossein/dingo_ws/src/dingo_simulator/dingo_gazebo/launch/__pycache__) by extension 'ignore_ament_install'
[0.519s] Level 1:colcon.colcon_core.package_identification:_identify(/home/hossein/dingo_ws/src/dingo_simulator/dingo_gazebo/launch/__pycache__) by extensions ['colcon_pkg']
[0.519s] Level 1:colcon.colcon_core.package_identification:_identify(/home/hossein/dingo_ws/src/dingo_simulator/dingo_gazebo/launch/__pycache__) by extension 'colcon_pkg'
[0.520s] Level 1:colcon.colcon_core.package_identification:_identify(/home/hossein/dingo_ws/src/dingo_simulator/dingo_gazebo/launch/__pycache__) by extensions ['colcon_meta']
[0.520s] Level 1:colcon.colcon_core.package_identification:_identify(/home/hossein/dingo_ws/src/dingo_simulator/dingo_gazebo/launch/__pycache__) by extension 'colcon_meta'
[0.520s] Level 1:colcon.colcon_core.package_identification:_identify(/home/hossein/dingo_ws/src/dingo_simulator/dingo_gazebo/launch/__pycache__) by extensions ['ros']
[0.520s] Level 1:colcon.colcon_core.package_identification:_identify(/home/hossein/dingo_ws/src/dingo_simulator/dingo_gazebo/launch/__pycache__) by extension 'ros'
[0.520s] Level 1:colcon.colcon_core.package_identification:_identify(/home/hossein/dingo_ws/src/dingo_simulator/dingo_gazebo/launch/__pycache__) by extensions ['cmake', 'python']
[0.520s] Level 1:colcon.colcon_core.package_identification:_identify(/home/hossein/dingo_ws/src/dingo_simulator/dingo_gazebo/launch/__pycache__) by extension 'cmake'
[0.520s] Level 1:colcon.colcon_core.package_identification:_identify(/home/hossein/dingo_ws/src/dingo_simulator/dingo_gazebo/launch/__pycache__) by extension 'python'
[0.520s] Level 1:colcon.colcon_core.package_identification:_identify(/home/hossein/dingo_ws/src/dingo_simulator/dingo_gazebo/launch/__pycache__) by extensions ['python_setup_py']
[0.520s] Level 1:colcon.colcon_core.package_identification:_identify(/home/hossein/dingo_ws/src/dingo_simulator/dingo_gazebo/launch/__pycache__) by extension 'python_setup_py'
[0.520s] Level 1:colcon.colcon_core.package_identification:_identify(/home/hossein/dingo_ws/src/dingo_simulator/dingo_gazebo/launch/log) by extensions ['ignore', 'ignore_ament_install']
[0.520s] Level 1:colcon.colcon_core.package_identification:_identify(/home/hossein/dingo_ws/src/dingo_simulator/dingo_gazebo/launch/log) by extension 'ignore'
[0.520s] Level 1:colcon.colcon_core.package_identification:_identify(/home/hossein/dingo_ws/src/dingo_simulator/dingo_gazebo/launch/log) ignored
[0.520s] Level 1:colcon.colcon_core.package_discovery:discover_packages(recursive) using defaults
